Using pre-set license
Built from '2020.3/staging' branch; Version is '2020.3.10f1 (297d780c91bc) revision 2719096'; Using compiler version '192528614'; Build Type 'Release'
OS: 'Windows 10 Home; OS build 19043.1415; Version 2009; 64bit' Language: 'ja' Physical Memory: 16305 MB
BatchMode: 1, IsHumanControllingUs: 0, StartBugReporterOnCrash: 0, Is64bit: 1, IsPro: 0

 COMMAND LINE ARGUMENTS:
D:\UnityEditor\2020.3.10f1\Editor\Unity.exe
-adb2
-batchMode
-noUpm
-name
AssetImportWorker1
-projectPath
D:/UnityProjects/QiskitUtilityPlugin
-logFile
Logs/AssetImportWorker1.log
-srvPort
56777
Successfully changed project path to: D:/UnityProjects/QiskitUtilityPlugin
D:/UnityProjects/QiskitUtilityPlugin
Using Asset Import Pipeline V2.
Refreshing native plugins compatible for Editor in 38.20 ms, found 3 plugins.
Preloading 0 native plugins for Editor in 0.00 ms.
Initialize engine version: 2020.3.10f1 (297d780c91bc)
[Subsystems] Discovering subsystems at path D:/UnityEditor/2020.3.10f1/Editor/Data/Resources/UnitySubsystems
[Subsystems] Discovering subsystems at path D:/UnityProjects/QiskitUtilityPlugin/Assets
GfxDevice: creating device client; threaded=0
Direct3D:
    Version:  Direct3D 11.0 [level 11.1]
    Renderer: NVIDIA GeForce GTX 1660 (ID=0x2184)
    Vendor:   
    VRAM:     5991 MB
    Driver:   27.21.14.6089
Initialize mono
Mono path[0] = 'D:/UnityEditor/2020.3.10f1/Editor/Data/Managed'
Mono path[1] = 'D:/UnityEditor/2020.3.10f1/Editor/Data/MonoBleedingEdge/lib/mono/unityjit'
Mono config path = 'D:/UnityEditor/2020.3.10f1/Editor/Data/MonoBleedingEdge/etc'
Using monoOptions --debugger-agent=transport=dt_socket,embedding=1,server=y,suspend=n,address=127.0.0.1:56612
Begin MonoManager ReloadAssembly
Registering precompiled unity dll's ...
Register platform support module: D:/UnityEditor/2020.3.10f1/Editor/Data/PlaybackEngines/WebGLSupport/UnityEditor.WebGL.Extensions.dll
Register platform support module: D:/UnityEditor/2020.3.10f1/Editor/Data/PlaybackEngines/MacStandaloneSupport/UnityEditor.OSXStandalone.Extensions.dll
Register platform support module: D:/UnityEditor/2020.3.10f1/Editor/Data/PlaybackEngines/WindowsStandaloneSupport/UnityEditor.WindowsStandalone.Extensions.dll
Registered in 0.001649 seconds.
Native extension for WindowsStandalone target not found
Native extension for OSXStandalone target not found
Native extension for WebGL target not found
Refreshing native plugins compatible for Editor in 36.79 ms, found 3 plugins.
Preloading 0 native plugins for Editor in 0.00 ms.
Mono: successfully reloaded assembly
- Completed reload, in  2.732 seconds
Platform modules already initialized, skipping
Registering precompiled user dll's ...
Registered in 0.003742 seconds.
Begin MonoManager ReloadAssembly
Native extension for WindowsStandalone target not found
Native extension for OSXStandalone target not found
Native extension for WebGL target not found
Refreshing native plugins compatible for Editor in 35.98 ms, found 3 plugins.
Preloading 0 native plugins for Editor in 0.00 ms.
Mono: successfully reloaded assembly
- Completed reload, in  1.949 seconds
Platform modules already initialized, skipping
========================================================================
Worker process is ready to serve import requests
Launched and connected shader compiler UnityShaderCompiler.exe after 0.15 seconds
Refreshing native plugins compatible for Editor in 0.39 ms, found 3 plugins.
Preloading 0 native plugins for Editor in 0.00 ms.
Unloading 2079 Unused Serialized files (Serialized files now loaded: 0)
System memory in use before: 92.8 MB.
System memory in use after: 92.7 MB.

Unloading 33 unused Assets to reduce memory usage. Loaded Objects now: 2512.
Total: 2.263400 ms (FindLiveObjects: 0.173300 ms CreateObjectMapping: 0.073200 ms MarkObjects: 1.895700 ms  DeleteObjects: 0.120100 ms)

========================================================================
Received Import Request.
  path: Assets/QiskitUtilityAsset
  artifactKey: Guid(3226a86a816688143a6fb8325527c635) Importer(815301076,1909f56bfc062723c751e8b465ee728b)
Start importing Assets/QiskitUtilityAsset using Guid(3226a86a816688143a6fb8325527c635) Importer(815301076,1909f56bfc062723c751e8b465ee728b)  -> (artifact id: '391b9b9e38a9717a20fba51e869020d0') in 0.004645 seconds
  Import took 0.027992 seconds .

========================================================================
Received Import Request.
  Time since last request: 27.936123 seconds.
  path: Assets/QiskitUtilityAsset/Utility
  artifactKey: Guid(bfee112efc3a74542bbc97e360bbb5a1) Importer(815301076,1909f56bfc062723c751e8b465ee728b)
Start importing Assets/QiskitUtilityAsset/Utility using Guid(bfee112efc3a74542bbc97e360bbb5a1) Importer(815301076,1909f56bfc062723c751e8b465ee728b)  -> (artifact id: '445c7467fa26019858edab3c79f5fbf7') in 0.001702 seconds
  Import took 0.004900 seconds .

========================================================================
Received Import Request.
  Time since last request: 2.377761 seconds.
  path: Assets/QiskitUtilityAsset/Utility/Singleton.cs
  artifactKey: Guid(f6f9989601127954c9c5ff0ff2f0bb37) Importer(815301076,1909f56bfc062723c751e8b465ee728b)
Start importing Assets/QiskitUtilityAsset/Utility/Singleton.cs using Guid(f6f9989601127954c9c5ff0ff2f0bb37) Importer(815301076,1909f56bfc062723c751e8b465ee728b)  -> (artifact id: '247a2889d016fceadcd35cba9f93ac48') in 0.047481 seconds
  Import took 0.062950 seconds .

========================================================================
Received Import Request.
  Time since last request: 1.130653 seconds.
  path: Assets/QiskitUtilityAsset/Utility/SingleScriptableObject.cs
  artifactKey: Guid(55dd1595160523c4dbe2f4eb39a60cc7) Importer(815301076,1909f56bfc062723c751e8b465ee728b)
Start importing Assets/QiskitUtilityAsset/Utility/SingleScriptableObject.cs using Guid(55dd1595160523c4dbe2f4eb39a60cc7) Importer(815301076,1909f56bfc062723c751e8b465ee728b)  -> (artifact id: '9fff73c99fc404ce0e9c767f0257104e') in 0.001688 seconds
  Import took 0.020054 seconds .

========================================================================
Received Import Request.
  Time since last request: 0.375967 seconds.
  path: Assets/QiskitUtilityAsset/Utility/SingleScriptableObject.cs
  artifactKey: Guid(55dd1595160523c4dbe2f4eb39a60cc7) Importer(815301076,1909f56bfc062723c751e8b465ee728b)
Start importing Assets/QiskitUtilityAsset/Utility/SingleScriptableObject.cs using Guid(55dd1595160523c4dbe2f4eb39a60cc7) Importer(815301076,1909f56bfc062723c751e8b465ee728b)  -> (artifact id: '9fff73c99fc404ce0e9c767f0257104e') in 0.001338 seconds
  Import took 0.026075 seconds .

========================================================================
Received Import Request.
  Time since last request: 63.332139 seconds.
  path: Assets/QiskitUtilityAsset/BitFlagSolver.cs
  artifactKey: Guid(573a5842d0c214e4fb8aad1401b61a3b) Importer(815301076,1909f56bfc062723c751e8b465ee728b)
Start importing Assets/QiskitUtilityAsset/BitFlagSolver.cs using Guid(573a5842d0c214e4fb8aad1401b61a3b) Importer(815301076,1909f56bfc062723c751e8b465ee728b)  -> (artifact id: '8db28083fca41afe19fcb4a39bb3c271') in 0.001766 seconds
  Import took 0.018448 seconds .

========================================================================
Received Prepare
Registering precompiled user dll's ...
Registered in 0.003708 seconds.
Begin MonoManager ReloadAssembly
Native extension for WindowsStandalone target not found
Native extension for OSXStandalone target not found
Native extension for WebGL target not found
Refreshing native plugins compatible for Editor in 0.40 ms, found 3 plugins.
Preloading 0 native plugins for Editor in 0.00 ms.
Mono: successfully reloaded assembly
- Completed reload, in  1.009 seconds
Platform modules already initialized, skipping
Refreshing native plugins compatible for Editor in 0.40 ms, found 3 plugins.
Preloading 0 native plugins for Editor in 0.00 ms.
Unloading 2088 Unused Serialized files (Serialized files now loaded: 0)
System memory in use before: 93.0 MB.
System memory in use after: 93.0 MB.

Unloading 21 unused Assets to reduce memory usage. Loaded Objects now: 2530.
Total: 2.141900 ms (FindLiveObjects: 0.160400 ms CreateObjectMapping: 0.069300 ms MarkObjects: 1.797900 ms  DeleteObjects: 0.113500 ms)

========================================================================
Received Import Request.
  Time since last request: 721.681799 seconds.
  path: Assets/QiskitUtilityAsset/Scripts
  artifactKey: Guid(d6d56f542fd1f8d469985c7c9d9b071c) Importer(815301076,1909f56bfc062723c751e8b465ee728b)
Start importing Assets/QiskitUtilityAsset/Scripts using Guid(d6d56f542fd1f8d469985c7c9d9b071c) Importer(815301076,1909f56bfc062723c751e8b465ee728b)  -> (artifact id: '98ba40ad6179f84495294c2668f08956') in 0.004452 seconds
  Import took 0.013932 seconds .

========================================================================
Received Prepare
Registering precompiled user dll's ...
Registered in 0.003746 seconds.
Begin MonoManager ReloadAssembly
Native extension for WindowsStandalone target not found
Native extension for OSXStandalone target not found
Native extension for WebGL target not found
Refreshing native plugins compatible for Editor in 0.40 ms, found 3 plugins.
Preloading 0 native plugins for Editor in 0.00 ms.
Mono: successfully reloaded assembly
- Completed reload, in  0.977 seconds
Platform modules already initialized, skipping
Refreshing native plugins compatible for Editor in 0.40 ms, found 3 plugins.
Preloading 0 native plugins for Editor in 0.00 ms.
Unloading 2088 Unused Serialized files (Serialized files now loaded: 0)
System memory in use before: 93.1 MB.
System memory in use after: 93.1 MB.

Unloading 21 unused Assets to reduce memory usage. Loaded Objects now: 2534.
Total: 2.186700 ms (FindLiveObjects: 0.155600 ms CreateObjectMapping: 0.071700 ms MarkObjects: 1.866700 ms  DeleteObjects: 0.091800 ms)

========================================================================
Received Import Request.
  Time since last request: 12.212080 seconds.
  path: Assets/QiskitUtilityAsset/Scripts/Utility/Configs
  artifactKey: Guid(25726afc71d0098428314cba1d5a5f3b) Importer(815301076,1909f56bfc062723c751e8b465ee728b)
Start importing Assets/QiskitUtilityAsset/Scripts/Utility/Configs using Guid(25726afc71d0098428314cba1d5a5f3b) Importer(815301076,1909f56bfc062723c751e8b465ee728b)  -> (artifact id: '4dceb4114edd6f80d1cf5917381a5353') in 0.003961 seconds
  Import took 0.007070 seconds .

========================================================================
Received Import Request.
  Time since last request: 0.007038 seconds.
  path: Assets/QiskitUtilityAsset/Scripts/Utility/Configs
  artifactKey: Guid(25726afc71d0098428314cba1d5a5f3b) Importer(815301076,1909f56bfc062723c751e8b465ee728b)
Start importing Assets/QiskitUtilityAsset/Scripts/Utility/Configs using Guid(25726afc71d0098428314cba1d5a5f3b) Importer(815301076,1909f56bfc062723c751e8b465ee728b)  -> (artifact id: '4dceb4114edd6f80d1cf5917381a5353') in 0.001588 seconds
  Import took 0.004443 seconds .

========================================================================
Received Import Request.
  Time since last request: 33.438166 seconds.
  path: Assets/QiskitUtilityAsset/Scripts/Utility/Configs/CircuitConfig.asset
  artifactKey: Guid(a75fe22c129d70543b6bb0a086bf4916) Importer(815301076,1909f56bfc062723c751e8b465ee728b)
Start importing Assets/QiskitUtilityAsset/Scripts/Utility/Configs/CircuitConfig.asset using Guid(a75fe22c129d70543b6bb0a086bf4916) Importer(815301076,1909f56bfc062723c751e8b465ee728b)  -> (artifact id: '2f28a76b60a34a428a3b79d33d886f0b') in 0.025938 seconds
  Import took 0.029025 seconds .

========================================================================
Received Import Request.
  Time since last request: 10.412495 seconds.
  path: Assets/QiskitUtilityAsset/Scripts/Utility/Configs/CircuitConfig.asset
  artifactKey: Guid(a75fe22c129d70543b6bb0a086bf4916) Importer(815301076,1909f56bfc062723c751e8b465ee728b)
Start importing Assets/QiskitUtilityAsset/Scripts/Utility/Configs/CircuitConfig.asset using Guid(a75fe22c129d70543b6bb0a086bf4916) Importer(815301076,1909f56bfc062723c751e8b465ee728b)  -> (artifact id: 'b3a9054d08354d05b4ce71cd864808d2') in 0.002228 seconds
  Import took 0.008071 seconds .

========================================================================
Received Import Request.
  Time since last request: 205.237644 seconds.
  path: Assets/QiskitUtilityAsset/Scripts/Utility/SingleVariantScriptableObject.cs
  artifactKey: Guid(2d8eeb0ed6c6e9f4b815d58adbb51a79) Importer(815301076,1909f56bfc062723c751e8b465ee728b)
Start importing Assets/QiskitUtilityAsset/Scripts/Utility/SingleVariantScriptableObject.cs using Guid(2d8eeb0ed6c6e9f4b815d58adbb51a79) Importer(815301076,1909f56bfc062723c751e8b465ee728b)  -> (artifact id: '73797f95d4743166a9f8b99ad34ff89b') in 0.001804 seconds
  Import took 0.020091 seconds .

