Using pre-set license
Built from '2020.3/staging' branch; Version is '2020.3.10f1 (297d780c91bc) revision 2719096'; Using compiler version '192528614'; Build Type 'Release'
OS: 'Windows 10 Home; OS build 19043.1415; Version 2009; 64bit' Language: 'ja' Physical Memory: 16305 MB
BatchMode: 1, IsHumanControllingUs: 0, StartBugReporterOnCrash: 0, Is64bit: 1, IsPro: 0

 COMMAND LINE ARGUMENTS:
D:\UnityEditor\2020.3.10f1\Editor\Unity.exe
-adb2
-batchMode
-noUpm
-name
AssetImportWorker0
-projectPath
D:/UnityProjects/QiskitUtilityPlugin
-logFile
Logs/AssetImportWorker0.log
-srvPort
58971
Successfully changed project path to: D:/UnityProjects/QiskitUtilityPlugin
D:/UnityProjects/QiskitUtilityPlugin
Using Asset Import Pipeline V2.
Refreshing native plugins compatible for Editor in 38.77 ms, found 3 plugins.
Preloading 0 native plugins for Editor in 0.00 ms.
Initialize engine version: 2020.3.10f1 (297d780c91bc)
[Subsystems] Discovering subsystems at path D:/UnityEditor/2020.3.10f1/Editor/Data/Resources/UnitySubsystems
[Subsystems] Discovering subsystems at path D:/UnityProjects/QiskitUtilityPlugin/Assets
GfxDevice: creating device client; threaded=0
Direct3D:
    Version:  Direct3D 11.0 [level 11.1]
    Renderer: NVIDIA GeForce GTX 1660 (ID=0x2184)
    Vendor:   
    VRAM:     5991 MB
    Driver:   27.21.14.6089
Initialize mono
Mono path[0] = 'D:/UnityEditor/2020.3.10f1/Editor/Data/Managed'
Mono path[1] = 'D:/UnityEditor/2020.3.10f1/Editor/Data/MonoBleedingEdge/lib/mono/unityjit'
Mono config path = 'D:/UnityEditor/2020.3.10f1/Editor/Data/MonoBleedingEdge/etc'
Using monoOptions --debugger-agent=transport=dt_socket,embedding=1,server=y,suspend=n,address=127.0.0.1:56272
Begin MonoManager ReloadAssembly
Registering precompiled unity dll's ...
Register platform support module: D:/UnityEditor/2020.3.10f1/Editor/Data/PlaybackEngines/WebGLSupport/UnityEditor.WebGL.Extensions.dll
Register platform support module: D:/UnityEditor/2020.3.10f1/Editor/Data/PlaybackEngines/MacStandaloneSupport/UnityEditor.OSXStandalone.Extensions.dll
Register platform support module: D:/UnityEditor/2020.3.10f1/Editor/Data/PlaybackEngines/WindowsStandaloneSupport/UnityEditor.WindowsStandalone.Extensions.dll
Registered in 0.001655 seconds.
Native extension for WindowsStandalone target not found
Native extension for OSXStandalone target not found
Native extension for WebGL target not found
Refreshing native plugins compatible for Editor in 37.43 ms, found 3 plugins.
Preloading 0 native plugins for Editor in 0.00 ms.
Mono: successfully reloaded assembly
- Completed reload, in  2.727 seconds
Platform modules already initialized, skipping
Registering precompiled user dll's ...
Registered in 0.003845 seconds.
Begin MonoManager ReloadAssembly
Native extension for WindowsStandalone target not found
Native extension for OSXStandalone target not found
Native extension for WebGL target not found
Refreshing native plugins compatible for Editor in 37.64 ms, found 3 plugins.
Preloading 0 native plugins for Editor in 0.00 ms.
Mono: successfully reloaded assembly
- Completed reload, in  1.113 seconds
Platform modules already initialized, skipping
========================================================================
Worker process is ready to serve import requests
Launched and connected shader compiler UnityShaderCompiler.exe after 0.09 seconds
Refreshing native plugins compatible for Editor in 0.40 ms, found 3 plugins.
Preloading 0 native plugins for Editor in 0.00 ms.
Unloading 2122 Unused Serialized files (Serialized files now loaded: 0)
System memory in use before: 95.6 MB.
System memory in use after: 95.6 MB.

Unloading 33 unused Assets to reduce memory usage. Loaded Objects now: 2557.
Total: 2.223800 ms (FindLiveObjects: 0.164000 ms CreateObjectMapping: 0.072200 ms MarkObjects: 1.865800 ms  DeleteObjects: 0.120900 ms)

========================================================================
Received Import Request.
  path: Assets/TextMesh Pro
  artifactKey: Guid(f54d1bd14bd3ca042bd867b519fee8cc) Importer(815301076,1909f56bfc062723c751e8b465ee728b)
Start importing Assets/TextMesh Pro using Guid(f54d1bd14bd3ca042bd867b519fee8cc) Importer(815301076,1909f56bfc062723c751e8b465ee728b)  -> (artifact id: '16b4cbde9565bf190136f1148817e1ea') in 0.004077 seconds
  Import took 0.022700 seconds .

========================================================================
Received Import Request.
  Time since last request: 30.283414 seconds.
  path: Assets/Plugins/QiskitUtilityAsset/Configs/GateSetting.asset
  artifactKey: Guid(37ee68cd9c5b3224ebe6b1b7a60cb551) Importer(815301076,1909f56bfc062723c751e8b465ee728b)
Start importing Assets/Plugins/QiskitUtilityAsset/Configs/GateSetting.asset using Guid(37ee68cd9c5b3224ebe6b1b7a60cb551) Importer(815301076,1909f56bfc062723c751e8b465ee728b)  -> (artifact id: 'f1064700655d170f5c7edbd73212432c') in 0.058074 seconds
  Import took 0.060942 seconds .

========================================================================
Received Import Request.
  Time since last request: 19.898592 seconds.
  path: Assets/Scenes/SampleScene.unity
  artifactKey: Guid(2cda990e2423bbf4892e6590ba056729) Importer(815301076,1909f56bfc062723c751e8b465ee728b)
Start importing Assets/Scenes/SampleScene.unity using Guid(2cda990e2423bbf4892e6590ba056729) Importer(815301076,1909f56bfc062723c751e8b465ee728b)  -> (artifact id: 'b01e33d224446371ebd3d88bc9da0aa4') in 0.002771 seconds
  Import took 0.019360 seconds .

========================================================================
Received Prepare
Registering precompiled user dll's ...
Registered in 0.004194 seconds.
Begin MonoManager ReloadAssembly
Native extension for WindowsStandalone target not found
Native extension for OSXStandalone target not found
Native extension for WebGL target not found
Refreshing native plugins compatible for Editor in 0.41 ms, found 3 plugins.
Preloading 0 native plugins for Editor in 0.00 ms.
Mono: successfully reloaded assembly
- Completed reload, in  1.067 seconds
Platform modules already initialized, skipping
Refreshing native plugins compatible for Editor in 0.41 ms, found 3 plugins.
Preloading 0 native plugins for Editor in 0.00 ms.
Unloading 2104 Unused Serialized files (Serialized files now loaded: 0)
System memory in use before: 94.3 MB.
System memory in use after: 94.3 MB.

Unloading 21 unused Assets to reduce memory usage. Loaded Objects now: 2561.
Total: 2.013900 ms (FindLiveObjects: 0.167200 ms CreateObjectMapping: 0.074600 ms MarkObjects: 1.680200 ms  DeleteObjects: 0.091000 ms)

========================================================================
Received Prepare
Registering precompiled user dll's ...
Registered in 0.004287 seconds.
Begin MonoManager ReloadAssembly
Native extension for WindowsStandalone target not found
Native extension for OSXStandalone target not found
Native extension for WebGL target not found
Refreshing native plugins compatible for Editor in 0.41 ms, found 3 plugins.
Preloading 0 native plugins for Editor in 0.00 ms.
Mono: successfully reloaded assembly
- Completed reload, in  1.005 seconds
Platform modules already initialized, skipping
Refreshing native plugins compatible for Editor in 0.41 ms, found 3 plugins.
Preloading 0 native plugins for Editor in 0.00 ms.
Unloading 2104 Unused Serialized files (Serialized files now loaded: 0)
System memory in use before: 94.4 MB.
System memory in use after: 94.4 MB.

Unloading 21 unused Assets to reduce memory usage. Loaded Objects now: 2565.
Total: 2.067500 ms (FindLiveObjects: 0.168800 ms CreateObjectMapping: 0.075800 ms MarkObjects: 1.730400 ms  DeleteObjects: 0.091800 ms)

========================================================================
Received Prepare
Registering precompiled user dll's ...
Registered in 0.003624 seconds.
Begin MonoManager ReloadAssembly
Native extension for WindowsStandalone target not found
Native extension for OSXStandalone target not found
Native extension for WebGL target not found
Refreshing native plugins compatible for Editor in 0.62 ms, found 3 plugins.
Preloading 0 native plugins for Editor in 0.00 ms.
Mono: successfully reloaded assembly
- Completed reload, in  1.012 seconds
Platform modules already initialized, skipping
Refreshing native plugins compatible for Editor in 0.42 ms, found 3 plugins.
Preloading 0 native plugins for Editor in 0.00 ms.
Unloading 2104 Unused Serialized files (Serialized files now loaded: 0)
System memory in use before: 94.4 MB.
System memory in use after: 94.4 MB.

Unloading 21 unused Assets to reduce memory usage. Loaded Objects now: 2569.
Total: 2.115800 ms (FindLiveObjects: 0.163400 ms CreateObjectMapping: 0.076600 ms MarkObjects: 1.782000 ms  DeleteObjects: 0.093000 ms)

========================================================================
Received Prepare
Registering precompiled user dll's ...
Registered in 0.004073 seconds.
Begin MonoManager ReloadAssembly
Native extension for WindowsStandalone target not found
Native extension for OSXStandalone target not found
Native extension for WebGL target not found
Refreshing native plugins compatible for Editor in 0.42 ms, found 3 plugins.
Preloading 0 native plugins for Editor in 0.00 ms.
Mono: successfully reloaded assembly
- Completed reload, in  1.040 seconds
Platform modules already initialized, skipping
Refreshing native plugins compatible for Editor in 0.45 ms, found 3 plugins.
Preloading 0 native plugins for Editor in 0.00 ms.
Unloading 2104 Unused Serialized files (Serialized files now loaded: 0)
System memory in use before: 94.4 MB.
System memory in use after: 94.4 MB.

Unloading 21 unused Assets to reduce memory usage. Loaded Objects now: 2573.
Total: 2.081100 ms (FindLiveObjects: 0.167500 ms CreateObjectMapping: 0.073300 ms MarkObjects: 1.748600 ms  DeleteObjects: 0.091100 ms)

========================================================================
Received Prepare
Registering precompiled user dll's ...
Registered in 0.004352 seconds.
Begin MonoManager ReloadAssembly
Native extension for WindowsStandalone target not found
Native extension for OSXStandalone target not found
Native extension for WebGL target not found
Refreshing native plugins compatible for Editor in 0.43 ms, found 3 plugins.
Preloading 0 native plugins for Editor in 0.00 ms.
Mono: successfully reloaded assembly
- Completed reload, in  1.005 seconds
Platform modules already initialized, skipping
Refreshing native plugins compatible for Editor in 0.41 ms, found 3 plugins.
Preloading 0 native plugins for Editor in 0.00 ms.
Unloading 2104 Unused Serialized files (Serialized files now loaded: 0)
System memory in use before: 94.4 MB.
System memory in use after: 94.4 MB.

Unloading 21 unused Assets to reduce memory usage. Loaded Objects now: 2577.
Total: 2.259400 ms (FindLiveObjects: 0.163100 ms CreateObjectMapping: 0.073000 ms MarkObjects: 1.922700 ms  DeleteObjects: 0.099600 ms)

========================================================================
Received Prepare
Registering precompiled user dll's ...
Registered in 0.003659 seconds.
Begin MonoManager ReloadAssembly
Native extension for WindowsStandalone target not found
Native extension for OSXStandalone target not found
Native extension for WebGL target not found
Refreshing native plugins compatible for Editor in 0.43 ms, found 3 plugins.
Preloading 0 native plugins for Editor in 0.00 ms.
Mono: successfully reloaded assembly
- Completed reload, in  1.007 seconds
Platform modules already initialized, skipping
Refreshing native plugins compatible for Editor in 0.43 ms, found 3 plugins.
Preloading 0 native plugins for Editor in 0.00 ms.
Unloading 2104 Unused Serialized files (Serialized files now loaded: 0)
System memory in use before: 94.4 MB.
System memory in use after: 94.4 MB.

Unloading 21 unused Assets to reduce memory usage. Loaded Objects now: 2581.
Total: 2.099600 ms (FindLiveObjects: 0.184000 ms CreateObjectMapping: 0.078500 ms MarkObjects: 1.706600 ms  DeleteObjects: 0.129800 ms)

========================================================================
Received Prepare
Registering precompiled user dll's ...
Registered in 0.004072 seconds.
Begin MonoManager ReloadAssembly
Native extension for WindowsStandalone target not found
Native extension for OSXStandalone target not found
Native extension for WebGL target not found
Refreshing native plugins compatible for Editor in 0.41 ms, found 3 plugins.
Preloading 0 native plugins for Editor in 0.00 ms.
Mono: successfully reloaded assembly
- Completed reload, in  0.986 seconds
Platform modules already initialized, skipping
Refreshing native plugins compatible for Editor in 0.43 ms, found 3 plugins.
Preloading 0 native plugins for Editor in 0.00 ms.
Unloading 2104 Unused Serialized files (Serialized files now loaded: 0)
System memory in use before: 94.4 MB.
System memory in use after: 94.4 MB.

Unloading 21 unused Assets to reduce memory usage. Loaded Objects now: 2585.
Total: 2.100600 ms (FindLiveObjects: 0.164100 ms CreateObjectMapping: 0.070200 ms MarkObjects: 1.770800 ms  DeleteObjects: 0.094800 ms)

========================================================================
Received Prepare
Registering precompiled user dll's ...
Registered in 0.004004 seconds.
Begin MonoManager ReloadAssembly
Native extension for WindowsStandalone target not found
Native extension for OSXStandalone target not found
Native extension for WebGL target not found
Refreshing native plugins compatible for Editor in 0.42 ms, found 3 plugins.
Preloading 0 native plugins for Editor in 0.00 ms.
Mono: successfully reloaded assembly
- Completed reload, in  1.024 seconds
Platform modules already initialized, skipping
Refreshing native plugins compatible for Editor in 0.42 ms, found 3 plugins.
Preloading 0 native plugins for Editor in 0.00 ms.
Unloading 2104 Unused Serialized files (Serialized files now loaded: 0)
System memory in use before: 94.5 MB.
System memory in use after: 94.4 MB.

Unloading 21 unused Assets to reduce memory usage. Loaded Objects now: 2589.
Total: 2.086000 ms (FindLiveObjects: 0.163100 ms CreateObjectMapping: 0.068900 ms MarkObjects: 1.758200 ms  DeleteObjects: 0.094900 ms)

========================================================================
Received Import Request.
  Time since last request: 286.634175 seconds.
  path: Assets/FlaskServer
  artifactKey: Guid(ca8a8acb73a6b364f91115d8eead5bf3) Importer(815301076,1909f56bfc062723c751e8b465ee728b)
Start importing Assets/FlaskServer using Guid(ca8a8acb73a6b364f91115d8eead5bf3) Importer(815301076,1909f56bfc062723c751e8b465ee728b)  -> (artifact id: 'cfe7f87999f943be21e91be222b6cc57') in 0.005172 seconds
  Import took 0.008970 seconds .

========================================================================
Received Import Request.
  Time since last request: 1.391928 seconds.
  path: Assets/FlaskServer/QuantumRandomizer.py
  artifactKey: Guid(037fd5aec71d32040bd1ec0c6a28214c) Importer(815301076,1909f56bfc062723c751e8b465ee728b)
Start importing Assets/FlaskServer/QuantumRandomizer.py using Guid(037fd5aec71d32040bd1ec0c6a28214c) Importer(815301076,1909f56bfc062723c751e8b465ee728b)  -> (artifact id: '779b65cc73b421015e99b2ea1ee2a617') in 0.073699 seconds
  Import took 0.077846 seconds .

========================================================================
Received Import Request.
  Time since last request: 0.425340 seconds.
  path: Assets/FlaskServer/server.py
  artifactKey: Guid(c2046bc0639c41d48b8cf15b617eefd2) Importer(815301076,1909f56bfc062723c751e8b465ee728b)
Start importing Assets/FlaskServer/server.py using Guid(c2046bc0639c41d48b8cf15b617eefd2) Importer(815301076,1909f56bfc062723c751e8b465ee728b)  -> (artifact id: 'cbe9dcbadac8791abe913b7985fb8b12') in 0.002537 seconds
  Import took 0.006951 seconds .

========================================================================
Received Prepare
Registering precompiled user dll's ...
Registered in 0.004134 seconds.
Begin MonoManager ReloadAssembly
Native extension for WindowsStandalone target not found
Native extension for OSXStandalone target not found
Native extension for WebGL target not found
Refreshing native plugins compatible for Editor in 0.72 ms, found 3 plugins.
Preloading 0 native plugins for Editor in 0.00 ms.
Mono: successfully reloaded assembly
- Completed reload, in  1.001 seconds
Platform modules already initialized, skipping
Refreshing native plugins compatible for Editor in 0.45 ms, found 3 plugins.
Preloading 0 native plugins for Editor in 0.00 ms.
Unloading 2104 Unused Serialized files (Serialized files now loaded: 0)
System memory in use before: 94.5 MB.
System memory in use after: 94.5 MB.

Unloading 21 unused Assets to reduce memory usage. Loaded Objects now: 2593.
Total: 2.537000 ms (FindLiveObjects: 0.296500 ms CreateObjectMapping: 0.102700 ms MarkObjects: 2.032900 ms  DeleteObjects: 0.103700 ms)

========================================================================
Received Prepare
Registering precompiled user dll's ...
Registered in 0.003957 seconds.
Begin MonoManager ReloadAssembly
Native extension for WindowsStandalone target not found
Native extension for OSXStandalone target not found
Native extension for WebGL target not found
Refreshing native plugins compatible for Editor in 0.41 ms, found 3 plugins.
Preloading 0 native plugins for Editor in 0.00 ms.
Mono: successfully reloaded assembly
- Completed reload, in  0.990 seconds
Platform modules already initialized, skipping
Refreshing native plugins compatible for Editor in 0.42 ms, found 3 plugins.
Preloading 0 native plugins for Editor in 0.00 ms.
Unloading 2104 Unused Serialized files (Serialized files now loaded: 0)
System memory in use before: 94.5 MB.
System memory in use after: 94.5 MB.

Unloading 21 unused Assets to reduce memory usage. Loaded Objects now: 2597.
Total: 2.192000 ms (FindLiveObjects: 0.173300 ms CreateObjectMapping: 0.077100 ms MarkObjects: 1.844400 ms  DeleteObjects: 0.096000 ms)

========================================================================
Received Prepare
Registering precompiled user dll's ...
Registered in 0.003696 seconds.
Begin MonoManager ReloadAssembly
Native extension for WindowsStandalone target not found
Native extension for OSXStandalone target not found
Native extension for WebGL target not found
Refreshing native plugins compatible for Editor in 0.42 ms, found 3 plugins.
Preloading 0 native plugins for Editor in 0.00 ms.
Mono: successfully reloaded assembly
- Completed reload, in  1.002 seconds
Platform modules already initialized, skipping
Refreshing native plugins compatible for Editor in 0.41 ms, found 3 plugins.
Preloading 0 native plugins for Editor in 0.00 ms.
Unloading 2104 Unused Serialized files (Serialized files now loaded: 0)
System memory in use before: 94.5 MB.
System memory in use after: 94.5 MB.

Unloading 21 unused Assets to reduce memory usage. Loaded Objects now: 2601.
Total: 2.190000 ms (FindLiveObjects: 0.165100 ms CreateObjectMapping: 0.073100 ms MarkObjects: 1.857300 ms  DeleteObjects: 0.093700 ms)

========================================================================
Received Import Request.
  Time since last request: 203.958077 seconds.
  path: Assets/Plugins/QiskitUtilityAsset/Configs/GateSetting.asset
  artifactKey: Guid(37ee68cd9c5b3224ebe6b1b7a60cb551) Importer(815301076,1909f56bfc062723c751e8b465ee728b)
Start importing Assets/Plugins/QiskitUtilityAsset/Configs/GateSetting.asset using Guid(37ee68cd9c5b3224ebe6b1b7a60cb551) Importer(815301076,1909f56bfc062723c751e8b465ee728b)  -> (artifact id: 'a1dcb39ee67a6206764b093456e10463') in 0.015695 seconds
  Import took 0.020743 seconds .

========================================================================
Received Import Request.
  Time since last request: 3.556137 seconds.
  path: Assets/Plugins/QiskitUtilityAsset/Configs/GateSetting.asset
  artifactKey: Guid(37ee68cd9c5b3224ebe6b1b7a60cb551) Importer(815301076,1909f56bfc062723c751e8b465ee728b)
Start importing Assets/Plugins/QiskitUtilityAsset/Configs/GateSetting.asset using Guid(37ee68cd9c5b3224ebe6b1b7a60cb551) Importer(815301076,1909f56bfc062723c751e8b465ee728b)  -> (artifact id: '9850b8137134bc6aae9253c0ffdf1189') in 0.003084 seconds
  Import took 0.008622 seconds .

========================================================================
Received Prepare
Registering precompiled user dll's ...
Registered in 0.003725 seconds.
Begin MonoManager ReloadAssembly
Native extension for WindowsStandalone target not found
Native extension for OSXStandalone target not found
Native extension for WebGL target not found
Refreshing native plugins compatible for Editor in 0.42 ms, found 3 plugins.
Preloading 0 native plugins for Editor in 0.00 ms.
Mono: successfully reloaded assembly
- Completed reload, in  0.997 seconds
Platform modules already initialized, skipping
Refreshing native plugins compatible for Editor in 0.47 ms, found 3 plugins.
Preloading 0 native plugins for Editor in 0.00 ms.
Unloading 2104 Unused Serialized files (Serialized files now loaded: 0)
System memory in use before: 94.5 MB.
System memory in use after: 94.5 MB.

Unloading 21 unused Assets to reduce memory usage. Loaded Objects now: 2605.
Total: 2.056200 ms (FindLiveObjects: 0.169500 ms CreateObjectMapping: 0.075900 ms MarkObjects: 1.714800 ms  DeleteObjects: 0.095100 ms)

========================================================================
Received Import Request.
  Time since last request: 65.012621 seconds.
  path: Assets/Plugins/QiskitUtilityAsset/Configs/GateSetting.asset
  artifactKey: Guid(37ee68cd9c5b3224ebe6b1b7a60cb551) Importer(815301076,1909f56bfc062723c751e8b465ee728b)
Start importing Assets/Plugins/QiskitUtilityAsset/Configs/GateSetting.asset using Guid(37ee68cd9c5b3224ebe6b1b7a60cb551) Importer(815301076,1909f56bfc062723c751e8b465ee728b)  -> (artifact id: 'ccca299e170508c44829e01e40f662f4') in 0.014611 seconds
  Import took 0.027505 seconds .

========================================================================
Received Import Request.
  Time since last request: 19.111120 seconds.
  path: Assets/Plugins/QiskitUtilityAsset/Configs/GateSetting.asset
  artifactKey: Guid(37ee68cd9c5b3224ebe6b1b7a60cb551) Importer(815301076,1909f56bfc062723c751e8b465ee728b)
Start importing Assets/Plugins/QiskitUtilityAsset/Configs/GateSetting.asset using Guid(37ee68cd9c5b3224ebe6b1b7a60cb551) Importer(815301076,1909f56bfc062723c751e8b465ee728b)  -> (artifact id: '6f65d3a8ab1c43efb7007d690a5c13f2') in 0.002050 seconds
  Import took 0.011134 seconds .

========================================================================
Received Import Request.
  Time since last request: 6.030897 seconds.
  path: Assets/Plugins/QiskitUtilityAsset/Configs/GateSetting.asset
  artifactKey: Guid(37ee68cd9c5b3224ebe6b1b7a60cb551) Importer(815301076,1909f56bfc062723c751e8b465ee728b)
Start importing Assets/Plugins/QiskitUtilityAsset/Configs/GateSetting.asset using Guid(37ee68cd9c5b3224ebe6b1b7a60cb551) Importer(815301076,1909f56bfc062723c751e8b465ee728b)  -> (artifact id: '06fbdf82471455e3ae1e61fa6811862d') in 0.002271 seconds
  Import took 0.026457 seconds .

========================================================================
Received Import Request.
  Time since last request: 3.143305 seconds.
  path: Assets/Plugins/QiskitUtilityAsset/Configs/GateSetting.asset
  artifactKey: Guid(37ee68cd9c5b3224ebe6b1b7a60cb551) Importer(815301076,1909f56bfc062723c751e8b465ee728b)
Start importing Assets/Plugins/QiskitUtilityAsset/Configs/GateSetting.asset using Guid(37ee68cd9c5b3224ebe6b1b7a60cb551) Importer(815301076,1909f56bfc062723c751e8b465ee728b)  -> (artifact id: 'a79b69160812186b55a8ce9eadc9ed30') in 0.002202 seconds
  Import took 0.006439 seconds .

========================================================================
Received Prepare
Registering precompiled user dll's ...
Registered in 0.003670 seconds.
Begin MonoManager ReloadAssembly
Native extension for WindowsStandalone target not found
Native extension for OSXStandalone target not found
Native extension for WebGL target not found
Refreshing native plugins compatible for Editor in 0.42 ms, found 3 plugins.
Preloading 0 native plugins for Editor in 0.00 ms.
Mono: successfully reloaded assembly
- Completed reload, in  1.050 seconds
Platform modules already initialized, skipping
Refreshing native plugins compatible for Editor in 0.42 ms, found 3 plugins.
Preloading 0 native plugins for Editor in 0.00 ms.
Unloading 2104 Unused Serialized files (Serialized files now loaded: 0)
System memory in use before: 94.5 MB.
System memory in use after: 94.5 MB.

Unloading 21 unused Assets to reduce memory usage. Loaded Objects now: 2609.
Total: 2.172300 ms (FindLiveObjects: 0.183900 ms CreateObjectMapping: 0.077500 ms MarkObjects: 1.810900 ms  DeleteObjects: 0.099200 ms)

